Sat Dec 27 18:21:53 CET 2014 : Apache Derby Network Server - 10.10.1.3 - (1557168) started and ready to accept connections on port 1527
----------------------------------------------------------------
Sat Dec 27 18:21:54 CET 2014:
Booting Derby version The Apache Software Foundation - Apache Derby - 10.10.1.3 - (1557168): instance a816c00e-014a-8cc4-c5ff-00002cb901e5 
on database directory D:\Version Control\aips-proj\AIPSProj\database\ChemDB with class loader sun.misc.Launcher$AppClassLoader@1d44bcfa 
Loaded from file:/D:/Programs/Java/jdk1.8.0_25/db/lib/derby.jar
java.vendor=Oracle Corporation
java.runtime.version=1.8.0_25-b18
user.dir=D:\Programs\Java\jdk1.8.0_25\db
os.name=Windows 8.1
os.arch=amd64
os.version=6.3
derby.system.home=D:\Version Control\aips-proj\AIPSProj\database
Database Class Loader started - derby.database.classpath=''
----------------------------------------------------------------
Sat Dec 27 18:21:58 CET 2014:
Shutting down instance a816c00e-014a-8cc4-c5ff-00002cb901e5 on database directory D:\Version Control\aips-proj\AIPSProj\database\ChemDB with class loader sun.misc.Launcher$AppClassLoader@1d44bcfa 
Sat Dec 27 18:21:59 CET 2014 Thread[DRDAConnThread_3,5,main] (DATABASE = ChemDB), (DRDAID = {2}), Database 'ChemDB' shutdown.
----------------------------------------------------------------
Sat Dec 27 18:22:05 CET 2014:
Booting Derby version The Apache Software Foundation - Apache Derby - 10.10.1.3 - (1557168): instance 560740aa-014a-8cc4-c5ff-00002cb901e5 
on database directory D:\Version Control\aips-proj\AIPSProj\database\ChemDB with class loader sun.misc.Launcher$AppClassLoader@1d44bcfa 
Loaded from file:/D:/Programs/Java/jdk1.8.0_25/db/lib/derby.jar
java.vendor=Oracle Corporation
java.runtime.version=1.8.0_25-b18
user.dir=D:\Programs\Java\jdk1.8.0_25\db
os.name=Windows 8.1
os.arch=amd64
os.version=6.3
derby.system.home=D:\Version Control\aips-proj\AIPSProj\database
Database Class Loader started - derby.database.classpath=''
